<?xml version="1.0" encoding="UTF-8"?>
<!-- Generated by org.testng.reporters.JUnitXMLReporter -->
<testsuite hostname="ATMECSINLT-407" ignored="0" name="Test" tests="4" failures="0" timestamp="2020-10-12T19:29:34 IST" time="44.0" errors="0">
  <testcase name="register" time="0.67" classname="com.atmecs.executioncmd.testscripts.Registration"/>
  <testcase name="contactus" time="0.907" classname="com.atmecs.executioncmd.testscripts.ContactUs"/>
  <testcase name="login" time="0.576" classname="com.atmecs.executioncmd.testscripts.Login"/>
  <testcase name="addtoCart" time="11.473" classname="com.atmecs.executioncmd.testscripts.AddToCart"/>
</testsuite> <!-- Test -->
