<?xml version="1.0" encoding="UTF-8"?>
<testng-results skipped="0" failed="0" ignored="0" total="1" passed="1">
  <reporter-output>
  </reporter-output>
  <suite name="Default suite" duration-ms="12072" started-at="2020-10-12T19:26:56 IST" finished-at="2020-10-12T19:27:08 IST">
    <groups>
    </groups>
    <test name="Default test" duration-ms="12072" started-at="2020-10-12T19:26:56 IST" finished-at="2020-10-12T19:27:08 IST">
      <class name="com.atmecs.executioncmd.testscripts.Login">
        <test-method status="PASS" signature="lunchBrowser()[pri:0, instance:com.atmecs.executioncmd.testscripts.Login@4bbfb90a]" name="lunchBrowser" is-config="true" duration-ms="9759" started-at="2020-10-12T19:26:56 IST" finished-at="2020-10-12T19:27:05 IST">
          <reporter-output>
          </reporter-output>
        </test-method> <!-- lunchBrowser -->
        <test-method status="PASS" signature="login()[pri:2, instance:com.atmecs.executioncmd.testscripts.Login@4bbfb90a]" name="login" duration-ms="596" started-at="2020-10-12T19:27:05 IST" finished-at="2020-10-12T19:27:06 IST">
          <reporter-output>
          </reporter-output>
        </test-method> <!-- login -->
        <test-method status="PASS" signature="closeBrowser()[pri:0, instance:com.atmecs.executioncmd.testscripts.Login@4bbfb90a]" name="closeBrowser" is-config="true" duration-ms="1630" started-at="2020-10-12T19:27:06 IST" finished-at="2020-10-12T19:27:08 IST">
          <reporter-output>
          </reporter-output>
        </test-method> <!-- closeBrowser -->
      </class> <!-- com.atmecs.executioncmd.testscripts.Login -->
    </test> <!-- Default test -->
  </suite> <!-- Default suite -->
</testng-results>
